0 info it worked if it ends with ok
1 verbose cli [ '/usr/local/bin/node',
1 verbose cli   '/usr/local/bin/npm',
1 verbose cli   'run',
1 verbose cli   'transpile' ]
2 info using npm@3.10.9
3 info using node@v7.0.0
4 verbose run-script [ 'pretranspile', 'transpile', 'posttranspile' ]
5 info lifecycle nerd_stack@0.0.0~pretranspile: nerd_stack@0.0.0
6 silly lifecycle nerd_stack@0.0.0~pretranspile: no script for pretranspile, continuing
7 info lifecycle nerd_stack@0.0.0~transpile: nerd_stack@0.0.0
8 verbose lifecycle nerd_stack@0.0.0~transpile: unsafe-perm in lifecycle true
9 verbose lifecycle nerd_stack@0.0.0~transpile: PATH: /usr/local/lib/node_modules/npm/bin/node-gyp-bin:/var/nodejs/NERD_stack/node_modules/.bin:/usr/local/sbin:/usr/local/bin:/usr/sbin:/usr/bin:/sbin:/bin:/usr/games:/usr/local/games
10 verbose lifecycle nerd_stack@0.0.0~transpile: CWD: /var/nodejs/NERD_stack
11 silly lifecycle nerd_stack@0.0.0~transpile: Args: [ '-c', 'babel -d ./build ./src' ]
12 silly lifecycle nerd_stack@0.0.0~transpile: Returned: code: 1  signal: null
13 info lifecycle nerd_stack@0.0.0~transpile: Failed to exec transpile script
14 verbose stack Error: nerd_stack@0.0.0 transpile: `babel -d ./build ./src`
14 verbose stack Exit status 1
14 verbose stack     at EventEmitter.<anonymous> (/usr/local/lib/node_modules/npm/lib/utils/lifecycle.js:255:16)
14 verbose stack     at emitTwo (events.js:106:13)
14 verbose stack     at EventEmitter.emit (events.js:191:7)
14 verbose stack     at ChildProcess.<anonymous> (/usr/local/lib/node_modules/npm/lib/utils/spawn.js:40:14)
14 verbose stack     at emitTwo (events.js:106:13)
14 verbose stack     at ChildProcess.emit (events.js:191:7)
14 verbose stack     at maybeClose (internal/child_process.js:877:16)
14 verbose stack     at Process.ChildProcess._handle.onexit (internal/child_process.js:226:5)
15 verbose pkgid nerd_stack@0.0.0
16 verbose cwd /var/nodejs/NERD_stack/src
17 error Linux 3.13.0-74-generic
18 error argv "/usr/local/bin/node" "/usr/local/bin/npm" "run" "transpile"
19 error node v7.0.0
20 error npm  v3.10.9
21 error code ELIFECYCLE
22 error nerd_stack@0.0.0 transpile: `babel -d ./build ./src`
22 error Exit status 1
23 error Failed at the nerd_stack@0.0.0 transpile script 'babel -d ./build ./src'.
23 error Make sure you have the latest version of node.js and npm installed.
23 error If you do, this is most likely a problem with the nerd_stack package,
23 error not with npm itself.
23 error Tell the author that this fails on your system:
23 error     babel -d ./build ./src
23 error You can get information on how to open an issue for this project with:
23 error     npm bugs nerd_stack
23 error Or if that isn't available, you can get their info via:
23 error     npm owner ls nerd_stack
23 error There is likely additional logging output above.
24 verbose exit [ 1, true ]
